<?xml version="1.0" encoding="UTF-8"?>
<!-- Generated by org.testng.reporters.JUnitReportReporter -->
<testsuite skipped="0" hostname="Amar" name="practice.ExecuteQuery" tests="1" failures="0" timestamp="2021-10-07T17:27:57 IST" time="1.323" errors="0">
  <testcase name="getExecteUpdate" time="1.323" classname="practice.ExecuteQuery"/>
  <system-out/>
</testsuite> <!-- practice.ExecuteQuery -->
