<?xml version="1.0" encoding="UTF-8"?>
<!-- Generated by org.testng.reporters.JUnitReportReporter -->
<testsuite skipped="0" hostname="Amar" name="com.genericutil.JDBCUtil" tests="1" failures="0" timestamp="2021-10-07T16:22:14 IST" time="0.651" errors="0">
  <testcase name="getExecuteQuery" time="0.651" classname="com.genericutil.JDBCUtil"/>
  <system-out/>
</testsuite> <!-- com.genericutil.JDBCUtil -->
