<?xml version="1.0" encoding="UTF-8"?>
<!-- Generated by org.testng.reporters.JUnitReportReporter -->
<testsuite skipped="0" hostname="Amar" name="com.practice.Data_Provider" tests="5" failures="0" timestamp="2021-10-22T15:36:11 IST" time="0.047" errors="0">
  <testcase name="datta" time="0.033" classname="com.practice.Data_Provider"/>
  <system-out/>
  <testcase name="datta" time="0.004" classname="com.practice.Data_Provider"/>
  <system-out/>
  <testcase name="datta" time="0.003" classname="com.practice.Data_Provider"/>
  <system-out/>
  <testcase name="datta" time="0.003" classname="com.practice.Data_Provider"/>
  <system-out/>
  <testcase name="datta" time="0.004" classname="com.practice.Data_Provider"/>
  <system-out/>
</testsuite> <!-- com.practice.Data_Provider -->
